<?xml version="1.0" encoding="UTF-8" ?>
<testsuite tests="1" failures="0" name="TTest" time="0" errors="0" skipped="0">
  <properties>
    <property name="java.runtime.name" value="Java(TM) SE Runtime Environment"/>
    <property name="sun.boot.library.path" value="E:\Program Files (x86)\java\jdk1.8.0_202\jre\bin"/>
    <property name="java.vm.version" value="25.202-b08"/>
    <property name="java.vm.vendor" value="Oracle Corporation"/>
    <property name="maven.multiModuleProjectDirectory" value="F:\工作空间\lol项目\LOL2\SSM"/>
    <property name="java.vendor.url" value="http://java.oracle.com/"/>
    <property name="path.separator" value=";"/>
    <property name="guice.disable.misplaced.annotation.check" value="true"/>
    <property name="java.vm.name" value="Java HotSpot(TM) Client VM"/>
    <property name="file.encoding.pkg" value="sun.io"/>
    <property name="user.script" value=""/>
    <property name="user.country" value="CN"/>
    <property name="sun.java.launcher" value="SUN_STANDARD"/>
    <property name="sun.os.patch.level" value=""/>
    <property name="java.vm.specification.name" value="Java Virtual Machine Specification"/>
    <property name="user.dir" value="F:\工作空间\lol项目\LOL2\SSM"/>
    <property name="java.runtime.version" value="1.8.0_202-b08"/>
    <property name="java.awt.graphicsenv" value="sun.awt.Win32GraphicsEnvironment"/>
    <property name="java.endorsed.dirs" value="E:\Program Files (x86)\java\jdk1.8.0_202\jre\lib\endorsed"/>
    <property name="os.arch" value="x86"/>
    <property name="java.io.tmpdir" value="C:\Users\木木\AppData\Local\Temp\"/>
    <property name="line.separator" value="
"/>
    <property name="java.vm.specification.vendor" value="Oracle Corporation"/>
    <property name="user.variant" value=""/>
    <property name="os.name" value="Windows 10"/>
    <property name="maven.ext.class.path" value="E:\Program Files\JetBrains\IntelliJ IDEA 2019.2\plugins\maven\lib\maven-event-listener.jar"/>
    <property name="classworlds.conf" value="E:\JAVA\apache-maven-3.5.4\bin\m2.conf"/>
    <property name="sun.jnu.encoding" value="GBK"/>
    <property name="java.library.path" value="E:\Program Files (x86)\java\jdk1.8.0_202\bin;C:\Windows\Sun\Java\bin;C:\Windows\system32;C:\Windows;E:\Program Files\JetBrains\IntelliJ IDEA 2019.2\jbr\\bin;E:\Program Files\JetBrains\IntelliJ IDEA 2019.2\jbr\\bin\server;C:\Windows\system32;C:\Windows;C:\Windows\System32\Wbem;C:\Windows\System32\WindowsPowerShell\v1.0\;C:\Windows\System32\OpenSSH\;C:\Program Files\MySQL\MySQL Server 8.0\bin;E:\apache-maven-3.2.2\bin;E:\Program Files (x86)\java\jdk1.8.0_202\bin;E:\Program Files\TortoiseSVN\bin;E:\JAVA\apache-tomcat-8.5.46\bin;e:\Program Files\Git\cmd;C:\Users\木木\AppData\Local\Microsoft\WindowsApps;e:\Program Files\JetBrains\IntelliJ IDEA 2019.2\bin;."/>
    <property name="maven.conf" value="E:\JAVA\apache-maven-3.5.4/conf"/>
    <property name="java.specification.name" value="Java Platform API Specification"/>
    <property name="java.class.version" value="52.0"/>
    <property name="sun.management.compiler" value="HotSpot Client Compiler"/>
    <property name="maven.repo.local" value="E:\JAVA\repository"/>
    <property name="os.version" value="10.0"/>
    <property name="user.home" value="C:\Users\木木"/>
    <property name="user.timezone" value="Asia/Shanghai"/>
    <property name="java.awt.printerjob" value="sun.awt.windows.WPrinterJob"/>
    <property name="java.specification.version" value="1.8"/>
    <property name="file.encoding" value="GBK"/>
    <property name="user.name" value="木木"/>
    <property name="java.class.path" value="E:\JAVA\apache-maven-3.5.4\boot\plexus-classworlds-2.5.2.jar;E:\Program Files\JetBrains\IntelliJ IDEA 2019.2\lib\idea_rt.jar"/>
    <property name="java.vm.specification.version" value="1.8"/>
    <property name="sun.arch.data.model" value="32"/>
    <property name="java.home" value="E:\Program Files (x86)\java\jdk1.8.0_202\jre"/>
    <property name="sun.java.command" value="org.codehaus.classworlds.Launcher -Didea.version2019.2 -s E:\JAVA\settings.xml -Dmaven.repo.local=E:\JAVA\repository install"/>
    <property name="java.specification.vendor" value="Oracle Corporation"/>
    <property name="user.language" value="zh"/>
    <property name="awt.toolkit" value="sun.awt.windows.WToolkit"/>
    <property name="java.vm.info" value="mixed mode"/>
    <property name="java.version" value="1.8.0_202"/>
    <property name="java.ext.dirs" value="E:\Program Files (x86)\java\jdk1.8.0_202\jre\lib\ext;C:\Windows\Sun\Java\lib\ext"/>
    <property name="sun.boot.class.path" value="E:\Program Files (x86)\java\jdk1.8.0_202\jre\lib\resources.jar;E:\Program Files (x86)\java\jdk1.8.0_202\jre\lib\rt.jar;E:\Program Files (x86)\java\jdk1.8.0_202\jre\lib\sunrsasign.jar;E:\Program Files (x86)\java\jdk1.8.0_202\jre\lib\jsse.jar;E:\Program Files (x86)\java\jdk1.8.0_202\jre\lib\jce.jar;E:\Program Files (x86)\java\jdk1.8.0_202\jre\lib\charsets.jar;E:\Program Files (x86)\java\jdk1.8.0_202\jre\lib\jfr.jar;E:\Program Files (x86)\java\jdk1.8.0_202\jre\classes"/>
    <property name="java.vendor" value="Oracle Corporation"/>
    <property name="maven.home" value="E:\JAVA\apache-maven-3.5.4"/>
    <property name="file.separator" value="\"/>
    <property name="java.vendor.url.bug" value="http://bugreport.sun.com/bugreport/"/>
    <property name="idea.version2019.2" value="true"/>
    <property name="sun.cpu.endian" value="little"/>
    <property name="sun.io.unicode.encoding" value="UnicodeLittle"/>
    <property name="sun.desktop" value="windows"/>
    <property name="sun.cpu.isalist" value="pentium_pro+mmx pentium_pro pentium+mmx pentium i486 i386 i86"/>
  </properties>
  <testcase classname="TTest" name="tt" time="0"/>
</testsuite>